<?xml version="1.0" encoding="UTF-8"?>
<!-- Generated by org.testng.reporters.JUnitXMLReporter -->
<testsuite hostname="RAVI" name="FirefoxTest3" tests="4" failures="2" timestamp="11 Oct 2018 18:26:15 GMT" time="78.019" errors="0">
  <testcase name="login" time="16.95" classname="common.LoginCredentials">
    <skipped/>
  </testcase> <!-- login -->
  <testcase name="login" time="9.641" classname="common.LoginCredentials">
    <failure type="java.lang.AssertionError" message="expected [Signed in successfully.] but found [The user ID or password is incorrect, Please try again.]">
      <![CDATA[java.lang.AssertionError: expected [Signed in successfully.] but found [The user ID or password is incorrect, Please try again.]
	at common.TestBase.confirmationMessage(TestBase.java:988)
	at common.TestBase.logIn(TestBase.java:78)
	at common.LoginCredentials.login(LoginCredentials.java:12)
	at java.util.concurrent.FutureTask.run(Unknown Source)
	at java.util.concurrent.ThreadPoolExecutor.runWorker(Unknown Source)
	at java.util.concurrent.ThreadPoolExecutor$Worker.run(Unknown Source)
	at java.lang.Thread.run(Unknown Source)
... Removed 22 stack frames]]>
    </failure>
  </testcase> <!-- login -->
  <testcase name="createEcardCategory" time="12.432" classname="vibe.admin.tests.AdminEcard">
    <skipped/>
  </testcase> <!-- createEcardCategory -->
  <testcase name="createEcardCategory" time="14.383" classname="vibe.admin.tests.AdminEcard">
    <failure type="java.lang.AssertionError" message="Manage Categories panel is not found under Listing Ecard Templates expected [true] but found [false]">
      <![CDATA[java.lang.AssertionError: Manage Categories panel is not found under Listing Ecard Templates expected [true] but found [false]
	at vibe.ecards.tests.EcardMethods.listOfPanelTitles(EcardMethods.java:186)
	at vibe.ecards.tests.EcardMethods.addEcardCategory(EcardMethods.java:194)
	at vibe.admin.tests.AdminEcard.createEcardCategory(AdminEcard.java:24)
	at java.util.concurrent.FutureTask.run(Unknown Source)
	at java.util.concurrent.ThreadPoolExecutor.runWorker(Unknown Source)
	at java.util.concurrent.ThreadPoolExecutor$Worker.run(Unknown Source)
	at java.lang.Thread.run(Unknown Source)
... Removed 19 stack frames]]>
    </failure>
  </testcase> <!-- createEcardCategory -->
</testsuite> <!-- FirefoxTest3 -->
