<?xml version="1.0" encoding="UTF-8"?>
<testsuite name="FirefoxTest3"
           tests="1"
           failures="1"
           errors="0"
           skipped="0"
           time="14.383">
  <properties />
            <testcase name="createEcardCategory" time="14.383" classname="vibe.admin.tests.AdminEcard">
                <failure type="java.lang.AssertionError"
                  message="Manage Categories panel is not found under Listing Ecard Templates expected [true] but found [false]"
              >
<![CDATA[java.lang.AssertionError: Manage Categories panel is not found under Listing Ecard Templates expected [true] but found [false]
  org.testng.Assert.fail(Assert.java:94)
  org.testng.Assert.failNotEquals(Assert.java:513)
  org.testng.Assert.assertTrue(Assert.java:42)
  vibe.ecards.tests.EcardMethods.listOfPanelTitles(EcardMethods.java:186)
  vibe.ecards.tests.EcardMethods.addEcardCategory(EcardMethods.java:194)
  vibe.admin.tests.AdminEcard.createEcardCategory(AdminEcard.java:24)
  sun.reflect.NativeMethodAccessorImpl.invoke0(Native Method)
  sun.reflect.NativeMethodAccessorImpl.invoke(Unknown Source)
  sun.reflect.DelegatingMethodAccessorImpl.invoke(Unknown Source)
  java.lang.reflect.Method.invoke(Unknown Source)
  org.testng.internal.MethodInvocationHelper.invokeMethod(MethodInvocationHelper.java:86)
  org.testng.internal.Invoker.invokeMethod(Invoker.java:643)
  org.testng.internal.Invoker.retryFailed(Invoker.java:967)
  org.testng.internal.Invoker.invokeTestMethods(Invoker.java:1146)
  org.testng.internal.TestMethodWorker.invokeTestMethods(TestMethodWorker.java:129)
  org.testng.internal.TestMethodWorker.run(TestMethodWorker.java:112)
  org.testng.TestRunner.privateRun(TestRunner.java:782)
  org.testng.TestRunner.run(TestRunner.java:632)
  org.testng.SuiteRunner.runTest(SuiteRunner.java:366)
  org.testng.SuiteRunner.access$000(SuiteRunner.java:39)
  org.testng.SuiteRunner$SuiteWorker.run(SuiteRunner.java:400)
  org.testng.internal.thread.ThreadUtil$2.call(ThreadUtil.java:64)
  java.util.concurrent.FutureTask.run(Unknown Source)
  java.util.concurrent.ThreadPoolExecutor.runWorker(Unknown Source)
  java.util.concurrent.ThreadPoolExecutor$Worker.run(Unknown Source)
  java.lang.Thread.run(Unknown Source)
]]>
      </failure>

          </testcase>
  
  
  
</testsuite>
