<?xml version="1.0" encoding="UTF-8"?>
<testng-results skipped="0" failed="0" total="2" passed="2">
  <reporter-output>
  </reporter-output>
  <suite name="SmokeSuite" duration-ms="8856" started-at="2018-11-28T09:44:04Z" finished-at="2018-11-28T09:44:13Z">
    <groups>
    </groups>
    <test name="FirefoxTest2" duration-ms="8323" started-at="2018-11-28T09:44:04Z" finished-at="2018-11-28T09:44:12Z">
      <class name="zagg.login.tests.LoginTests">
        <test-method status="PASS" signature="login()[pri:101, instance:zagg.login.tests.LoginTests@75881071]" name="login" duration-ms="1162" started-at="2018-11-28T15:14:11Z" finished-at="2018-11-28T15:14:12Z">
          <reporter-output>
          </reporter-output>
        </test-method> <!-- login -->
      </class> <!-- zagg.login.tests.LoginTests -->
      <class name="common.DriverInitializerGrid">
        <test-method status="PASS" signature="openBrowser(java.lang.String, java.lang.String)[pri:0, instance:common.DriverInitializerGrid@1fc2b765]" name="openBrowser" is-config="true" duration-ms="7136" started-at="2018-11-28T15:14:04Z" finished-at="2018-11-28T15:14:11Z">
          <params>
            <param index="0">
              <value>
                <![CDATA[firefox]]>
              </value>
            </param>
            <param index="1">
              <value>
                <![CDATA[https://www.zagg.com/eu/en_eu/]]>
              </value>
            </param>
          </params>
          <reporter-output>
          </reporter-output>
        </test-method> <!-- openBrowser -->
      </class> <!-- common.DriverInitializerGrid -->
    </test> <!-- FirefoxTest2 -->
    <test name="FirefoxTest4" duration-ms="8856" started-at="2018-11-28T09:44:04Z" finished-at="2018-11-28T09:44:13Z">
      <class name="zagg.login.tests.LoginTests">
        <test-method status="PASS" signature="login()[pri:101, instance:zagg.login.tests.LoginTests@43a0cee9]" name="login" duration-ms="961" started-at="2018-11-28T15:14:12Z" finished-at="2018-11-28T15:14:13Z">
          <reporter-output>
          </reporter-output>
        </test-method> <!-- login -->
      </class> <!-- zagg.login.tests.LoginTests -->
      <class name="common.DriverInitializerGrid">
        <test-method status="PASS" signature="openBrowser(java.lang.String, java.lang.String)[pri:0, instance:common.DriverInitializerGrid@704d6e83]" name="openBrowser" is-config="true" duration-ms="7890" started-at="2018-11-28T15:14:04Z" finished-at="2018-11-28T15:14:12Z">
          <params>
            <param index="0">
              <value>
                <![CDATA[firefox]]>
              </value>
            </param>
            <param index="1">
              <value>
                <![CDATA[https://www.zagg.com/eu/en_eu/]]>
              </value>
            </param>
          </params>
          <reporter-output>
          </reporter-output>
        </test-method> <!-- openBrowser -->
      </class> <!-- common.DriverInitializerGrid -->
    </test> <!-- FirefoxTest4 -->
  </suite> <!-- SmokeSuite -->
</testng-results>
